<?xml version="1.0" encoding="UTF-8"?>
<!-- Generated by org.testng.reporters.JUnitXMLReporter -->
<testsuite ignored="4" hostname="DESKTOP-FPPI0PB" failures="0" tests="1" name="Default test" time="4.382" errors="0" timestamp="2021-08-22T21:08:54 IST">
  <testcase classname="com.ideal.test.HaciendaAPI" name="haciendaComplianceIdealApiInvalidID" time="4.335"/>
  <testcase classname="com.ideal.test.HaciendaAPI" name="haciendaCompDocsIdealApi" time="0.0">
    <ignored/>
  </testcase> <!-- haciendaCompDocsIdealApi -->
  <testcase classname="com.ideal.test.HaciendaAPI" name="haciendaPingIdealApi" time="0.0">
    <ignored/>
  </testcase> <!-- haciendaPingIdealApi -->
  <testcase classname="com.ideal.test.HaciendaAPI" name="haciendaAuthIdealApi" time="0.0">
    <ignored/>
  </testcase> <!-- haciendaAuthIdealApi -->
  <testcase classname="com.ideal.test.HaciendaAPI" name="haciendaComplianceIdealApi" time="0.0">
    <ignored/>
  </testcase> <!-- haciendaComplianceIdealApi -->
</testsuite> <!-- Default test -->
